<?xml version="1.0" encoding="UTF-8"?>
<testng-results ignored="0" total="2" passed="2" failed="0" skipped="0">
  <reporter-output>
  </reporter-output>
  <suite started-at="2023-01-28T12:00:58 IST" name="Suite" finished-at="2023-01-28T12:03:37 IST" duration-ms="159695">
    <groups>
    </groups>
    <test started-at="2023-01-28T12:00:58 IST" name="Test" finished-at="2023-01-28T12:02:13 IST" duration-ms="75336">
      <class name="testNGPack.TestValidLogin2">
        <test-method signature="method1(java.lang.String,java.lang.String,java.lang.String,java.lang.String)[pri:0, instance:testNGPack.TestValidLogin2@55536d9e]" started-at="2023-01-28T12:00:58 IST" name="method1" finished-at="2023-01-28T12:02:13 IST" duration-ms="75172" status="PASS">
          <params>
            <param index="0">
              <value>
                <![CDATA[chrome]]>
              </value>
            </param>
            <param index="1">
              <value>
                <![CDATA[http://127.0.0.1/login.do]]>
              </value>
            </param>
            <param index="2">
              <value>
                <![CDATA[admin]]>
              </value>
            </param>
            <param index="3">
              <value>
                <![CDATA[manager]]>
              </value>
            </param>
          </params>
          <reporter-output>
          </reporter-output>
        </test-method> <!-- method1 -->
      </class> <!-- testNGPack.TestValidLogin2 -->
    </test> <!-- Test -->
    <test started-at="2023-01-28T12:00:58 IST" name="Test1" finished-at="2023-01-28T12:03:37 IST" duration-ms="159695">
      <class name="testNGPack.TestValidLogin2">
        <test-method signature="method1(java.lang.String,java.lang.String,java.lang.String,java.lang.String)[pri:0, instance:testNGPack.TestValidLogin2@78123e82]" started-at="2023-01-28T12:00:58 IST" name="method1" finished-at="2023-01-28T12:03:37 IST" duration-ms="159614" status="PASS">
          <params>
            <param index="0">
              <value>
                <![CDATA[firefox]]>
              </value>
            </param>
            <param index="1">
              <value>
                <![CDATA[http://127.0.0.1/login.do]]>
              </value>
            </param>
            <param index="2">
              <value>
                <![CDATA[admin]]>
              </value>
            </param>
            <param index="3">
              <value>
                <![CDATA[manager]]>
              </value>
            </param>
          </params>
          <reporter-output>
          </reporter-output>
        </test-method> <!-- method1 -->
      </class> <!-- testNGPack.TestValidLogin2 -->
    </test> <!-- Test1 -->
  </suite> <!-- Suite -->
</testng-results>
