<?xml version="1.0" encoding="UTF-8"?>
<!-- Generated by org.testng.reporters.JUnitXMLReporter -->
<testsuite ignored="2" hostname="DESKTOP-2L9VG17" failures="0" tests="1" name="Test(failed)(failed)" time="0.092" errors="0" timestamp="2023-01-20T01:52:53 IST">
  <testcase classname="testNGPack.Demo" name="demo2" time="0.017"/>
  <testcase classname="testNGPack.Demo" name="demo" time="0.0">
    <ignored/>
  </testcase> <!-- demo -->
  <testcase classname="testNGPack.Demo" name="demo1" time="0.0">
    <ignored/>
  </testcase> <!-- demo1 -->
</testsuite> <!-- Test(failed)(failed) -->
