<?xml version="1.0" encoding="UTF-8"?>
<!-- Generated by org.testng.reporters.JUnitXMLReporter -->
<testsuite ignored="3" hostname="DESKTOP-2L9VG17" failures="0" tests="0" time="0.025" errors="0" timestamp="2023-01-21T11:21:27 IST">
  <testcase classname="testNGpack2.Flag2" name="test2" time="0.0">
    <ignored/>
  </testcase> <!-- test2 -->
  <testcase classname="testNGpack2.Flag2" name="test1" time="0.0">
    <ignored/>
  </testcase> <!-- test1 -->
  <testcase classname="testNGpack2.Flag2" name="actiTimeLogin" time="0.0">
    <ignored/>
  </testcase> <!-- actiTimeLogin -->
</testsuite>
